<?xml version="1.0" encoding="UTF-8"?>
<testsuite xmlns:xsi="http://www.w3.org/2001/XMLSchema-instance" xsi:noNamespaceSchemaLocation="https://maven.apache.org/surefire/maven-surefire-plugin/xsd/surefire-test-report.xsd" name="restassured.APITest" time="2.35" tests="3" errors="0" skipped="0" failures="0">
  <properties>
[...]
</properties>
  <testcase name="whenRequestedSpecificTodo_thenCheckTitle" classname="restassured.APITest" time="1.991"/>
  <testcase name="whenRequestedTodos_thenStatusCode200" classname="restassured.APITest" time="0.083"/>
  <testcase name="whenRequestedTodos_thenReturnSpecifiedIds" classname="restassured.APITest" time="0.267"/>
</testsuite>