-------------------------------------------------------------------------------
Test set: helloworld.HelloWorldFirefoxJupiterTest
-------------------------------------------------------------------------------
Tests run: 1, Failures: 1, Errors: 0, Skipped: 0, Time elapsed: 14.247 s <<< FAILURE! - in helloworld.HelloWorldFirefoxJupiterTest
site_header_is_on_home_page  Time elapsed: 14.242 s  <<< FAILURE!
org.opentest4j.AssertionFailedError: expected: <true> but was: <false>
	at helloworld.HelloWorldFirefoxJupiterTest.site_header_is_on_home_page(HelloWorldFirefoxJupiterTest.java:28)

